<?xml version="1.0" encoding="UTF-8"?>
<testsuite xmlns:xsi="http://www.w3.org/2001/XMLSchema-instance" xsi:noNamespaceSchemaLocation="https://maven.apache.org/surefire/maven-surefire-plugin/xsd/surefire-test-report-3.0.xsd" version="3.0" name="com.napule77.nidacowarehouse.controller.WarehouseControllerTest" time="3.002" tests="8" errors="0" skipped="0" failures="0">
  <properties>
[...]
</properties>
  <testcase name="unknownApiPath_returns404WithStructuredError" classname="com.napule77.nidacowarehouse.controller.WarehouseControllerTest" time="0.135">
    <system-out><![CDATA[16:43:44.319 [main] INFO org.springframework.test.context.support.AnnotationConfigContextLoaderUtils -- Could not detect default configuration classes for test class [com.napule77.nidacowarehouse.controller.WarehouseControllerTest]: WarehouseControllerTest does not declare any static, non-private, non-final, nested classes annotated with @Configuration.
16:43:44.455 [main] INFO org.springframework.boot.test.context.SpringBootTestContextBootstrapper -- Found @SpringBootConfiguration com.napule77.nidacowarehouse.NidacoWarehouseApplication for test class com.napule77.nidacowarehouse.controller.WarehouseControllerTest

  .   ____          _            __ _ _
 /\\ / ___'_ __ _ _(_)_ __  __ _ \ \ \ \
( ( )\___ | '_ | '_| | '_ \/ _` | \ \ \ \
 \\/  ___)| |_)| | | | | || (_| |  ) ) ) )
  '  |____| .__|_| |_|_| |_\__, | / / / /
 =========|_|==============|___/=/_/_/_/

 :: Spring Boot ::                (v3.3.2)

2026-08-01T16:43:44.829Z  INFO 5724 --- [           main] c.n.n.c.WarehouseControllerTest          : Starting WarehouseControllerTest using Java 17.0.19 with PID 5724 (started by runner in /home/runner/work/nidacoWarehouse/nidacoWarehouse)
2026-08-01T16:43:44.830Z  INFO 5724 --- [           main] c.n.n.c.WarehouseControllerTest          : No active profile set, falling back to 1 default profile: "default"
2026-08-01T16:43:46.742Z  INFO 5724 --- [           main] o.s.b.t.m.w.SpringBootMockServletContext : Initializing Spring TestDispatcherServlet ''
2026-08-01T16:43:46.743Z  INFO 5724 --- [           main] o.s.t.web.servlet.TestDispatcherServlet  : Initializing Servlet ''
2026-08-01T16:43:46.746Z  INFO 5724 --- [           main] o.s.t.web.servlet.TestDispatcherServlet  : Completed initialization in 1 ms
2026-08-01T16:43:46.772Z  INFO 5724 --- [           main] c.n.n.c.WarehouseControllerTest          : Started WarehouseControllerTest in 2.246 seconds (process running for 3.093)
2026-08-01T16:43:46.826Z  WARN 5724 --- [           main] o.s.web.servlet.PageNotFound             : No mapping for GET /api/unknown/path
]]></system-out>
  </testcase>
  <testcase name="createProduct_withDuplicateSku_returns400" classname="com.napule77.nidacowarehouse.controller.WarehouseControllerTest" time="0.127"/>
  <testcase name="registerMovement_withInsufficientStock_returns400" classname="com.napule77.nidacowarehouse.controller.WarehouseControllerTest" time="0.023"/>
  <testcase name="createProduct_withValidBody_returns201" classname="com.napule77.nidacowarehouse.controller.WarehouseControllerTest" time="0.02"/>
  <testcase name="registerMovement_withValidBody_returns201" classname="com.napule77.nidacowarehouse.controller.WarehouseControllerTest" time="0.015"/>
  <testcase name="listProducts_returns200WithEmptyList" classname="com.napule77.nidacowarehouse.controller.WarehouseControllerTest" time="0.012"/>
  <testcase name="createProduct_withMissingSku_returns400" classname="com.napule77.nidacowarehouse.controller.WarehouseControllerTest" time="0.017"/>
  <testcase name="listProducts_returns200WithProducts" classname="com.napule77.nidacowarehouse.controller.WarehouseControllerTest" time="0.007"/>
</testsuite>